137_Leak_Canary/app/build/intermediates/manifest_merge_blame_file/debug/manifest-merger-blame-debug-report.txt
1<?xml version="1.0" encoding="utf-8"?>
2<manifest xmlns:android="http://schemas.android.com/apk/res/android"
3    package="com.example.myleakcanary"
4    android:versionCode="1"
5    android:versionName="1.0" >
6
7    <uses-sdk
8        android:minSdkVersion="24"
8-->src/main/AndroidManifest.xml
9        android:targetSdkVersion="30" />
9-->src/main/AndroidManifest.xml
10
11    <!-- To store the heap dumps and leak analysis results. -->
12    <uses-permission android:name="android.permission.READ_EXTERNAL_STORAGE" />
12-->[com.squareup.leakcanary:leakcanary-android-core:2.4] AndroidManifest.xml:23:5-80
12-->[com.squareup.leakcanary:leakcanary-android-core:2.4] AndroidManifest.xml:23:22-77
13    <uses-permission android:name="android.permission.WRITE_EXTERNAL_STORAGE" /> <!-- To allow starting foreground services on Android P+ - https://developer.android.com/preview/behavior-changes#fg-svc -->
13-->[com.squareup.leakcanary:leakcanary-android-core:2.4] AndroidManifest.xml:24:5-81
13-->[com.squareup.leakcanary:leakcanary-android-core:2.4] AndroidManifest.xml:24:22-78
14    <uses-permission android:name="android.permission.FOREGROUND_SERVICE" />
14-->[com.squareup.leakcanary:leakcanary-android-core:2.4] AndroidManifest.xml:26:5-77
14-->[com.squareup.leakcanary:leakcanary-android-core:2.4] AndroidManifest.xml:26:22-74
15
16    <application
16-->src/main/AndroidManifest.xml:5:5-19:19
17        android:allowBackup="true"
17-->src/main/AndroidManifest.xml:6:9-35
18        android:appComponentFactory="androidx.core.app.CoreComponentFactory"
18-->[androidx.core:core:1.3.1] AndroidManifest.xml:24:18-86
19        android:debuggable="true"
20        android:extractNativeLibs="false"
21        android:icon="@mipmap/ic_launcher"
21-->src/main/AndroidManifest.xml:7:9-43
22        android:label="@string/app_name"
22-->src/main/AndroidManifest.xml:8:9-41
23        android:roundIcon="@mipmap/ic_launcher_round"
23-->src/main/AndroidManifest.xml:9:9-54
24        android:supportsRtl="true"
24-->src/main/AndroidManifest.xml:10:9-35
25        android:testOnly="true"
26        android:theme="@style/Theme.MyLeakCanary" >
26-->src/main/AndroidManifest.xml:11:9-50
27        <activity android:name="com.example.myleakcanary.MainActivity" >
27-->src/main/AndroidManifest.xml:12:9-18:20
27-->src/main/AndroidManifest.xml:12:19-47
28            <intent-filter>
28-->src/main/AndroidManifest.xml:13:13-17:29
29                <action android:name="android.intent.action.MAIN" />
29-->src/main/AndroidManifest.xml:14:17-69
29-->src/main/AndroidManifest.xml:14:25-66
30
31                <category android:name="android.intent.category.LAUNCHER" />
31-->src/main/AndroidManifest.xml:16:17-77
31-->src/main/AndroidManifest.xml:16:27-74
32            </intent-filter>
33        </activity>
34
35        <service
35-->[com.squareup.leakcanary:leakcanary-android:2.4] AndroidManifest.xml:23:9-25:40
36            android:name="leakcanary.internal.HeapAnalyzerService"
36-->[com.squareup.leakcanary:leakcanary-android:2.4] AndroidManifest.xml:24:13-67
37            android:exported="false" />
37-->[com.squareup.leakcanary:leakcanary-android:2.4] AndroidManifest.xml:25:13-37
38
39        <provider
39-->[com.squareup.leakcanary:leakcanary-android-core:2.4] AndroidManifest.xml:29:9-37:20
40            android:name="leakcanary.internal.LeakCanaryFileProvider"
40-->[com.squareup.leakcanary:leakcanary-android-core:2.4] AndroidManifest.xml:30:13-70
41            android:authorities="com.squareup.leakcanary.fileprovider.com.example.myleakcanary"
41-->[com.squareup.leakcanary:leakcanary-android-core:2.4] AndroidManifest.xml:31:13-88
42            android:exported="false"
42-->[com.squareup.leakcanary:leakcanary-android-core:2.4] AndroidManifest.xml:32:13-37
43            android:grantUriPermissions="true" >
43-->[com.squareup.leakcanary:leakcanary-android-core:2.4] AndroidManifest.xml:33:13-47
44            <meta-data
44-->[com.squareup.leakcanary:leakcanary-android-core:2.4] AndroidManifest.xml:34:13-36:66
45                android:name="android.support.FILE_PROVIDER_PATHS"
45-->[com.squareup.leakcanary:leakcanary-android-core:2.4] AndroidManifest.xml:35:17-67
46                android:resource="@xml/leak_canary_file_paths" />
46-->[com.squareup.leakcanary:leakcanary-android-core:2.4] AndroidManifest.xml:36:17-63
47        </provider>
48
49        <activity
49-->[com.squareup.leakcanary:leakcanary-android-core:2.4] AndroidManifest.xml:39:9-44:66
50            android:name="leakcanary.internal.activity.LeakActivity"
50-->[com.squareup.leakcanary:leakcanary-android-core:2.4] AndroidManifest.xml:40:13-69
51            android:icon="@mipmap/leak_canary_icon"
51-->[com.squareup.leakcanary:leakcanary-android-core:2.4] AndroidManifest.xml:41:13-52
52            android:label="@string/leak_canary_display_activity_label"
52-->[com.squareup.leakcanary:leakcanary-android-core:2.4] AndroidManifest.xml:42:13-71
53            android:taskAffinity="com.squareup.leakcanary.com.example.myleakcanary"
53-->[com.squareup.leakcanary:leakcanary-android-core:2.4] AndroidManifest.xml:43:13-76
54            android:theme="@style/leak_canary_LeakCanary.Base" />
54-->[com.squareup.leakcanary:leakcanary-android-core:2.4] AndroidManifest.xml:44:13-63
55
56        <activity-alias
56-->[com.squareup.leakcanary:leakcanary-android-core:2.4] AndroidManifest.xml:46:9-62:26
57            android:name="leakcanary.internal.activity.LeakLauncherActivity"
57-->[com.squareup.leakcanary:leakcanary-android-core:2.4] AndroidManifest.xml:47:13-77
58            android:banner="@drawable/leak_canary_tv_icon"
58-->[com.squareup.leakcanary:leakcanary-android-core:2.4] AndroidManifest.xml:48:13-59
59            android:enabled="@bool/leak_canary_add_launcher_icon"
59-->[com.squareup.leakcanary:leakcanary-android-core:2.4] AndroidManifest.xml:49:13-66
60            android:icon="@mipmap/leak_canary_icon"
60-->[com.squareup.leakcanary:leakcanary-android-core:2.4] AndroidManifest.xml:50:13-52
61            android:label="@string/leak_canary_display_activity_label"
61-->[com.squareup.leakcanary:leakcanary-android-core:2.4] AndroidManifest.xml:51:13-71
62            android:targetActivity="leakcanary.internal.activity.LeakActivity"
62-->[com.squareup.leakcanary:leakcanary-android-core:2.4] AndroidManifest.xml:52:13-79
63            android:taskAffinity="com.squareup.leakcanary.com.example.myleakcanary"
63-->[com.squareup.leakcanary:leakcanary-android-core:2.4] AndroidManifest.xml:53:13-76
64            android:theme="@style/leak_canary_LeakCanary.Base" >
64-->[com.squareup.leakcanary:leakcanary-android-core:2.4] AndroidManifest.xml:54:13-63
65            <intent-filter>
65-->[com.squareup.leakcanary:leakcanary-android-core:2.4] AndroidManifest.xml:55:13-61:29
66                <action android:name="android.intent.action.MAIN" />
66-->src/main/AndroidManifest.xml:14:17-69
66-->src/main/AndroidManifest.xml:14:25-66
67
68                <category android:name="android.intent.category.LAUNCHER" />
68-->src/main/AndroidManifest.xml:16:17-77
68-->src/main/AndroidManifest.xml:16:27-74
69                <!-- Android TV launcher intent -->
70                <category android:name="android.intent.category.LEANBACK_LAUNCHER" />
70-->[com.squareup.leakcanary:leakcanary-android-core:2.4] AndroidManifest.xml:60:17-86
70-->[com.squareup.leakcanary:leakcanary-android-core:2.4] AndroidManifest.xml:60:27-83
71            </intent-filter>
72        </activity-alias>
73
74        <activity
74-->[com.squareup.leakcanary:leakcanary-android-core:2.4] AndroidManifest.xml:64:9-70:68
75            android:name="leakcanary.internal.RequestStoragePermissionActivity"
75-->[com.squareup.leakcanary:leakcanary-android-core:2.4] AndroidManifest.xml:65:13-80
76            android:excludeFromRecents="true"
76-->[com.squareup.leakcanary:leakcanary-android-core:2.4] AndroidManifest.xml:66:13-46
77            android:icon="@mipmap/leak_canary_icon"
77-->[com.squareup.leakcanary:leakcanary-android-core:2.4] AndroidManifest.xml:67:13-52
78            android:label="@string/leak_canary_storage_permission_activity_label"
78-->[com.squareup.leakcanary:leakcanary-android-core:2.4] AndroidManifest.xml:68:13-82
79            android:taskAffinity="com.squareup.leakcanary.com.example.myleakcanary"
79-->[com.squareup.leakcanary:leakcanary-android-core:2.4] AndroidManifest.xml:69:13-76
80            android:theme="@style/leak_canary_Theme.Transparent" />
80-->[com.squareup.leakcanary:leakcanary-android-core:2.4] AndroidManifest.xml:70:13-65
81
82        <receiver android:name="leakcanary.internal.NotificationReceiver" />
82-->[com.squareup.leakcanary:leakcanary-android-core:2.4] AndroidManifest.xml:72:9-77
82-->[com.squareup.leakcanary:leakcanary-android-core:2.4] AndroidManifest.xml:72:19-74
83
84        <provider
84-->[com.squareup.leakcanary:leakcanary-object-watcher-android:2.4] AndroidManifest.xml:8:9-12:40
85            android:name="leakcanary.internal.AppWatcherInstaller$MainProcess"
85-->[com.squareup.leakcanary:leakcanary-object-watcher-android:2.4] AndroidManifest.xml:9:13-79
86            android:authorities="com.example.myleakcanary.leakcanary-installer"
86-->[com.squareup.leakcanary:leakcanary-object-watcher-android:2.4] AndroidManifest.xml:10:13-72
87            android:enabled="@bool/leak_canary_watcher_auto_install"
87-->[com.squareup.leakcanary:leakcanary-object-watcher-android:2.4] AndroidManifest.xml:11:13-69
88            android:exported="false" />
88-->[com.squareup.leakcanary:leakcanary-object-watcher-android:2.4] AndroidManifest.xml:12:13-37
89        <provider
89-->[com.squareup.leakcanary:plumber-android:2.4] AndroidManifest.xml:8:9-12:40
90            android:name="leakcanary.internal.PlumberInstaller"
90-->[com.squareup.leakcanary:plumber-android:2.4] AndroidManifest.xml:9:13-64
91            android:authorities="com.example.myleakcanary.plumber-installer"
91-->[com.squareup.leakcanary:plumber-android:2.4] AndroidManifest.xml:10:13-69
92            android:enabled="@bool/leak_canary_plumber_auto_install"
92-->[com.squareup.leakcanary:plumber-android:2.4] AndroidManifest.xml:11:13-69
93            android:exported="false" />
93-->[com.squareup.leakcanary:plumber-android:2.4] AndroidManifest.xml:12:13-37
94    </application>
95
96</manifest>